# JRE version: OpenJDK Runtime Environment (8.0_265-b01) (build 1.8.0_265-8u265-b01-0ubuntu2~18.04-b01)
# Java VM: OpenJDK 64-Bit Server VM (25.265-b01 mixed mode linux-amd64 compressed oops)
Heap:
 PSYoungGen      total 529920K, used 25503K [0x00000000d6700000, 0x0000000100000000, 0x0000000100000000)
  eden space 491520K, 0% used [0x00000000d6700000,0x00000000d6700000,0x00000000f4700000)
  from space 38400K, 66% used [0x00000000fda80000,0x00000000ff367d28,0x0000000100000000)
  to   space 94720K, 0% used [0x00000000f4700000,0x00000000f4700000,0x00000000fa380000)
 ParOldGen       total 159232K, used 159146K [0x0000000083400000, 0x000000008cf80000, 0x00000000d6700000)
  object space 159232K, 99% used [0x0000000083400000,0x000000008cf6a840,0x000000008cf80000)
 Metaspace       used 81262K, capacity 84744K, committed 85080K, reserved 1124352K
  class space    used 9798K, capacity 10545K, committed 10584K, reserved 1048576K
GC Heap History (10 events):
Event: 12.643 GC heap after
Heap after GC invocations=15 (full 2):
 PSYoungGen      total 629760K, used 7040K [0x00000000d6700000, 0x0000000100000000, 0x0000000100000000)
  eden space 595456K, 0% used [0x00000000d6700000,0x00000000d6700000,0x00000000fac80000)
  from space 34304K, 20% used [0x00000000fac80000,0x00000000fb3603e0,0x00000000fce00000)
  to   space 33792K, 0% used [0x00000000fdf00000,0x00000000fdf00000,0x0000000100000000)
 ParOldGen       total 88576K, used 37640K [0x0000000083400000, 0x0000000088a80000, 0x00000000d6700000)
  object space 88576K, 42% used [0x0000000083400000,0x00000000858c2290,0x0000000088a80000)
 Metaspace       used 58083K, capacity 58952K, committed 59096K, reserved 1101824K
  class space    used 7352K, capacity 7572K, committed 7640K, reserved 1048576K
}
Event: 12.643 GC heap before
{Heap before GC invocations=16 (full 3):
 PSYoungGen      total 629760K, used 7040K [0x00000000d6700000, 0x0000000100000000, 0x0000000100000000)
  eden space 595456K, 0% used [0x00000000d6700000,0x00000000d6700000,0x00000000fac80000)
  from space 34304K, 20% used [0x00000000fac80000,0x00000000fb3603e0,0x00000000fce00000)
  to   space 33792K, 0% used [0x00000000fdf00000,0x00000000fdf00000,0x0000000100000000)
 ParOldGen       total 88576K, used 37640K [0x0000000083400000, 0x0000000088a80000, 0x00000000d6700000)
  object space 88576K, 42% used [0x0000000083400000,0x00000000858c2290,0x0000000088a80000)
 Metaspace       used 58083K, capacity 58952K, committed 59096K, reserved 1101824K
  class space    used 7352K, capacity 7572K, committed 7640K, reserved 1048576K
Event: 12.793 GC heap after
Heap after GC invocations=16 (full 3):
 PSYoungGen      total 629760K, used 0K [0x00000000d6700000, 0x0000000100000000, 0x0000000100000000)
  eden space 595456K, 0% used [0x00000000d6700000,0x00000000d6700000,0x00000000fac80000)
  from space 34304K, 0% used [0x00000000fac80000,0x00000000fac80000,0x00000000fce00000)
  to   space 33792K, 0% used [0x00000000fdf00000,0x00000000fdf00000,0x0000000100000000)
 ParOldGen       total 102400K, used 29472K [0x0000000083400000, 0x0000000089800000, 0x00000000d6700000)
  object space 102400K, 28% used [0x0000000083400000,0x00000000850c8298,0x0000000089800000)
 Metaspace       used 58083K, capacity 58952K, committed 59096K, reserved 1101824K
  class space    used 7352K, capacity 7572K, committed 7640K, reserved 1048576K
}
Event: 196.875 GC heap before
{Heap before GC invocations=17 (full 3):
 PSYoungGen      total 629760K, used 595456K [0x00000000d6700000, 0x0000000100000000, 0x0000000100000000)
  eden space 595456K, 100% used [0x00000000d6700000,0x00000000fac80000,0x00000000fac80000)
  from space 34304K, 0% used [0x00000000fac80000,0x00000000fac80000,0x00000000fce00000)
  to   space 33792K, 0% used [0x00000000fdf00000,0x00000000fdf00000,0x0000000100000000)
 ParOldGen       total 102400K, used 29472K [0x0000000083400000, 0x0000000089800000, 0x00000000d6700000)
  object space 102400K, 28% used [0x0000000083400000,0x00000000850c8298,0x0000000089800000)
 Metaspace       used 71226K, capacity 72712K, committed 72920K, reserved 1114112K
  class space    used 8867K, capacity 9154K, committed 9176K, reserved 1048576K
Event: 196.920 GC heap after
Heap after GC invocations=17 (full 3):
 PSYoungGen      total 637952K, used 32661K [0x00000000d6700000, 0x0000000100000000, 0x0000000100000000)
  eden space 604160K, 0% used [0x00000000d6700000,0x00000000d6700000,0x00000000fb500000)
  from space 33792K, 96% used [0x00000000fdf00000,0x00000000ffee55b0,0x0000000100000000)
  to   space 38400K, 0% used [0x00000000fb500000,0x00000000fb500000,0x00000000fda80000)
 ParOldGen       total 102400K, used 29480K [0x0000000083400000, 0x0000000089800000, 0x00000000d6700000)
  object space 102400K, 28% used [0x0000000083400000,0x00000000850ca298,0x0000000089800000)
 Metaspace       used 71226K, capacity 72712K, committed 72920K, reserved 1114112K
  class space    used 8867K, capacity 9154K, committed 9176K, reserved 1048576K
}
Event: 828.211 GC heap before
{Heap before GC invocations=18 (full 3):
 PSYoungGen      total 637952K, used 636821K [0x00000000d6700000, 0x0000000100000000, 0x0000000100000000)
  eden space 604160K, 100% used [0x00000000d6700000,0x00000000fb500000,0x00000000fb500000)
  from space 33792K, 96% used [0x00000000fdf00000,0x00000000ffee55b0,0x0000000100000000)
  to   space 38400K, 0% used [0x00000000fb500000,0x00000000fb500000,0x00000000fda80000)
 ParOldGen       total 102400K, used 29480K [0x0000000083400000, 0x0000000089800000, 0x00000000d6700000)
  object space 102400K, 28% used [0x0000000083400000,0x00000000850ca298,0x0000000089800000)
 Metaspace       used 79803K, capacity 83034K, committed 83160K, reserved 1122304K
  class space    used 9742K, capacity 10449K, committed 10456K, reserved 1048576K
Event: 828.289 GC heap after
Heap after GC invocations=18 (full 3):
 PSYoungGen      total 642560K, used 38398K [0x00000000d6700000, 0x0000000100000000, 0x0000000100000000)
  eden space 604160K, 0% used [0x00000000d6700000,0x00000000d6700000,0x00000000fb500000)
  from space 38400K, 99% used [0x00000000fb500000,0x00000000fda7faa0,0x00000000fda80000)
  to   space 38400K, 0% used [0x00000000fda80000,0x00000000fda80000,0x0000000100000000)
 ParOldGen       total 102400K, used 67248K [0x0000000083400000, 0x0000000089800000, 0x00000000d6700000)
  object space 102400K, 65% used [0x0000000083400000,0x00000000875ac230,0x0000000089800000)
 Metaspace       used 79803K, capacity 83034K, committed 83160K, reserved 1122304K
  class space    used 9742K, capacity 10449K, committed 10456K, reserved 1048576K
}
Event: 1466.822 GC heap before
{Heap before GC invocations=19 (full 3):
 PSYoungGen      total 642560K, used 642558K [0x00000000d6700000, 0x0000000100000000, 0x0000000100000000)
  eden space 604160K, 100% used [0x00000000d6700000,0x00000000fb500000,0x00000000fb500000)
  from space 38400K, 99% used [0x00000000fb500000,0x00000000fda7faa0,0x00000000fda80000)
  to   space 38400K, 0% used [0x00000000fda80000,0x00000000fda80000,0x0000000100000000)
 ParOldGen       total 102400K, used 67248K [0x0000000083400000, 0x0000000089800000, 0x00000000d6700000)
  object space 102400K, 65% used [0x0000000083400000,0x00000000875ac230,0x0000000089800000)
 Metaspace       used 81293K, capacity 84806K, committed 85080K, reserved 1124352K
  class space    used 9806K, capacity 10561K, committed 10584K, reserved 1048576K
Event: 1466.928 GC heap after
Heap after GC invocations=19 (full 3):
 PSYoungGen      total 529920K, used 38390K [0x00000000d6700000, 0x0000000100000000, 0x0000000100000000)
  eden space 491520K, 0% used [0x00000000d6700000,0x00000000d6700000,0x00000000f4700000)
  from space 38400K, 99% used [0x00000000fda80000,0x00000000ffffdb80,0x0000000100000000)
  to   space 94720K, 0% used [0x00000000f4700000,0x00000000f4700000,0x00000000fa380000)
 ParOldGen       total 159232K, used 159059K [0x0000000083400000, 0x000000008cf80000, 0x00000000d6700000)
  object space 159232K, 99% used [0x0000000083400000,0x000000008cf54f28,0x000000008cf80000)
 Metaspace       used 81293K, capacity 84806K, committed 85080K, reserved 1124352K
  class space    used 9806K, capacity 10561K, committed 10584K, reserved 1048576K
}
Event: 1466.930 GC heap before
{Heap before GC invocations=20 (full 4):
 PSYoungGen      total 529920K, used 38390K [0x00000000d6700000, 0x0000000100000000, 0x0000000100000000)
  eden space 491520K, 0% used [0x00000000d6700000,0x00000000d6700000,0x00000000f4700000)
  from space 38400K, 99% used [0x00000000fda80000,0x00000000ffffdb80,0x0000000100000000)
  to   space 94720K, 0% used [0x00000000f4700000,0x00000000f4700000,0x00000000fa380000)
 ParOldGen       total 159232K, used 159059K [0x0000000083400000, 0x000000008cf80000, 0x00000000d6700000)
  object space 159232K, 99% used [0x0000000083400000,0x000000008cf54f28,0x000000008cf80000)
 Metaspace       used 81293K, capacity 84806K, committed 85080K, reserved 1124352K
  class space    used 9806K, capacity 10561K, committed 10584K, reserved 1048576K

