# JRE version: OpenJDK Runtime Environment (11.0.11+9) (build 11.0.11+9-Ubuntu-0ubuntu2.18.04)
# Java VM: OpenJDK 64-Bit Server VM (11.0.11+9-Ubuntu-0ubuntu2.18.04, mixed mode, sharing, tiered, compressed oops, g1 gc, linux-amd64)
Heap:
 garbage-first heap   total 1409024K, used 39205K [0x00000006c6a00000, 0x0000000800000000)
  region size 1024K, 3 young (3072K), 3 survivors (3072K)
 Metaspace       used 13148K, capacity 13823K, committed 14208K, reserved 1062912K
  class space    used 1363K, capacity 1576K, committed 1664K, reserved 1048576K
GC Heap History (20 events):
Event: 578.696 GC heap after
{Heap after GC invocations=17 (full 0):
 garbage-first heap   total 481280K, used 37103K [0x00000006c6a00000, 0x0000000800000000)
  region size 1024K, 1 young (1024K), 1 survivors (1024K)
 Metaspace       used 13117K, capacity 13695K, committed 13952K, reserved 1060864K
  class space    used 1358K, capacity 1576K, committed 1664K, reserved 1048576K
}
Event: 579.569 GC heap before
{Heap before GC invocations=17 (full 0):
 garbage-first heap   total 481280K, used 59631K [0x00000006c6a00000, 0x0000000800000000)
  region size 1024K, 23 young (23552K), 1 survivors (1024K)
 Metaspace       used 13117K, capacity 13695K, committed 13952K, reserved 1060864K
  class space    used 1358K, capacity 1576K, committed 1664K, reserved 1048576K
}
Event: 579.787 GC heap after
{Heap after GC invocations=18 (full 0):
 garbage-first heap   total 481280K, used 37371K [0x00000006c6a00000, 0x0000000800000000)
  region size 1024K, 2 young (2048K), 2 survivors (2048K)
 Metaspace       used 13117K, capacity 13695K, committed 13952K, reserved 1060864K
  class space    used 1358K, capacity 1576K, committed 1664K, reserved 1048576K
}
Event: 580.522 GC heap before
{Heap before GC invocations=18 (full 0):
 garbage-first heap   total 481280K, used 58875K [0x00000006c6a00000, 0x0000000800000000)
  region size 1024K, 23 young (23552K), 2 survivors (2048K)
 Metaspace       used 13117K, capacity 13695K, committed 13952K, reserved 1060864K
  class space    used 1358K, capacity 1576K, committed 1664K, reserved 1048576K
}
Event: 580.576 GC heap after
{Heap after GC invocations=19 (full 0):
 garbage-first heap   total 481280K, used 37538K [0x00000006c6a00000, 0x0000000800000000)
  region size 1024K, 2 young (2048K), 2 survivors (2048K)
 Metaspace       used 13117K, capacity 13695K, committed 13952K, reserved 1060864K
  class space    used 1358K, capacity 1576K, committed 1664K, reserved 1048576K
}
Event: 582.257 GC heap before
{Heap before GC invocations=19 (full 0):
 garbage-first heap   total 481280K, used 59042K [0x00000006c6a00000, 0x0000000800000000)
  region size 1024K, 23 young (23552K), 2 survivors (2048K)
 Metaspace       used 13142K, capacity 13759K, committed 13952K, reserved 1060864K
  class space    used 1363K, capacity 1576K, committed 1664K, reserved 1048576K
}
Event: 582.283 GC heap after
{Heap after GC invocations=20 (full 0):
 garbage-first heap   total 481280K, used 37802K [0x00000006c6a00000, 0x0000000800000000)
  region size 1024K, 2 young (2048K), 2 survivors (2048K)
 Metaspace       used 13142K, capacity 13759K, committed 13952K, reserved 1060864K
  class space    used 1363K, capacity 1576K, committed 1664K, reserved 1048576K
}
Event: 584.641 GC heap before
{Heap before GC invocations=20 (full 0):
 garbage-first heap   total 481280K, used 59306K [0x00000006c6a00000, 0x0000000800000000)
  region size 1024K, 23 young (23552K), 2 survivors (2048K)
 Metaspace       used 13142K, capacity 13759K, committed 13952K, reserved 1060864K
  class space    used 1363K, capacity 1576K, committed 1664K, reserved 1048576K
}
Event: 584.859 GC heap after
{Heap after GC invocations=21 (full 0):
 garbage-first heap   total 481280K, used 37961K [0x00000006c6a00000, 0x0000000800000000)
  region size 1024K, 2 young (2048K), 2 survivors (2048K)
 Metaspace       used 13142K, capacity 13759K, committed 13952K, reserved 1060864K
  class space    used 1363K, capacity 1576K, committed 1664K, reserved 1048576K
}
Event: 585.326 GC heap before
{Heap before GC invocations=21 (full 0):
 garbage-first heap   total 481280K, used 59465K [0x00000006c6a00000, 0x0000000800000000)
  region size 1024K, 23 young (23552K), 2 survivors (2048K)
 Metaspace       used 13142K, capacity 13759K, committed 13952K, reserved 1060864K
  class space    used 1363K, capacity 1576K, committed 1664K, reserved 1048576K
}
Event: 585.494 GC heap after
{Heap after GC invocations=22 (full 0):
 garbage-first heap   total 577536K, used 38201K [0x00000006c6a00000, 0x0000000800000000)
  region size 1024K, 2 young (2048K), 2 survivors (2048K)
 Metaspace       used 13142K, capacity 13759K, committed 13952K, reserved 1060864K
  class space    used 1363K, capacity 1576K, committed 1664K, reserved 1048576K
}
Event: 633.520 GC heap before
{Heap before GC invocations=22 (full 0):
 garbage-first heap   total 577536K, used 64825K [0x00000006c6a00000, 0x0000000800000000)
  region size 1024K, 28 young (28672K), 2 survivors (2048K)
 Metaspace       used 13142K, capacity 13759K, committed 13952K, reserved 1060864K
  class space    used 1363K, capacity 1576K, committed 1664K, reserved 1048576K
}
Event: 644.188 GC heap after
{Heap after GC invocations=23 (full 0):
 garbage-first heap   total 577536K, used 38381K [0x00000006c6a00000, 0x0000000800000000)
  region size 1024K, 2 young (2048K), 2 survivors (2048K)
 Metaspace       used 13142K, capacity 13759K, committed 13952K, reserved 1060864K
  class space    used 1363K, capacity 1576K, committed 1664K, reserved 1048576K
}
Event: 748.780 GC heap before
{Heap before GC invocations=23 (full 0):
 garbage-first heap   total 577536K, used 65005K [0x00000006c6a00000, 0x0000000800000000)
  region size 1024K, 28 young (28672K), 2 survivors (2048K)
 Metaspace       used 13143K, capacity 13759K, committed 13952K, reserved 1060864K
  class space    used 1363K, capacity 1576K, committed 1664K, reserved 1048576K
}
Event: 749.510 GC heap after
{Heap after GC invocations=24 (full 0):
 garbage-first heap   total 577536K, used 38502K [0x00000006c6a00000, 0x0000000800000000)
  region size 1024K, 3 young (3072K), 3 survivors (3072K)
 Metaspace       used 13143K, capacity 13759K, committed 13952K, reserved 1060864K
  class space    used 1363K, capacity 1576K, committed 1664K, reserved 1048576K
}
Event: 755.381 GC heap before
{Heap before GC invocations=24 (full 0):
 garbage-first heap   total 577536K, used 63078K [0x00000006c6a00000, 0x0000000800000000)
  region size 1024K, 28 young (28672K), 3 survivors (3072K)
 Metaspace       used 13145K, capacity 13759K, committed 13952K, reserved 1060864K
  class space    used 1363K, capacity 1576K, committed 1664K, reserved 1048576K
}
Event: 755.634 GC heap after
{Heap after GC invocations=25 (full 0):
 garbage-first heap   total 577536K, used 38703K [0x00000006c6a00000, 0x0000000800000000)
  region size 1024K, 3 young (3072K), 3 survivors (3072K)
 Metaspace       used 13145K, capacity 13759K, committed 13952K, reserved 1060864K
  class space    used 1363K, capacity 1576K, committed 1664K, reserved 1048576K
}
Event: 756.978 GC heap before
{Heap before GC invocations=25 (full 0):
 garbage-first heap   total 577536K, used 64303K [0x00000006c6a00000, 0x0000000800000000)
  region size 1024K, 28 young (28672K), 3 survivors (3072K)
 Metaspace       used 13145K, capacity 13759K, committed 13952K, reserved 1060864K
  class space    used 1363K, capacity 1576K, committed 1664K, reserved 1048576K
}
Event: 758.572 GC heap after
{Heap after GC invocations=26 (full 0):
 garbage-first heap   total 577536K, used 38990K [0x00000006c6a00000, 0x0000000800000000)
  region size 1024K, 3 young (3072K), 3 survivors (3072K)
 Metaspace       used 13145K, capacity 13759K, committed 13952K, reserved 1060864K
  class space    used 1363K, capacity 1576K, committed 1664K, reserved 1048576K
}
Event: 771.087 GC heap before
{Heap before GC invocations=26 (full 0):
 garbage-first heap   total 577536K, used 64590K [0x00000006c6a00000, 0x0000000800000000)
  region size 1024K, 28 young (28672K), 3 survivors (3072K)
 Metaspace       used 13148K, capacity 13823K, committed 14208K, reserved 1062912K
  class space    used 1363K, capacity 1576K, committed 1664K, reserved 1048576K
}

