# JRE version: OpenJDK Runtime Environment (8.0_265-b01) (build 1.8.0_265-8u265-b01-0ubuntu2~18.04-b01)
# Java VM: OpenJDK 64-Bit Server VM (25.265-b01 mixed mode linux-amd64 compressed oops)
Heap:
 PSYoungGen      total 626688K, used 28981K [0x00000000d6700000, 0x0000000100000000, 0x0000000100000000)
  eden space 572416K, 0% used [0x00000000d6700000,0x00000000d6700000,0x00000000f9600000)
  from space 54272K, 53% used [0x00000000f9600000,0x00000000fb24d678,0x00000000fcb00000)
  to   space 54272K, 0% used [0x00000000fcb00000,0x00000000fcb00000,0x0000000100000000)
 ParOldGen       total 168448K, used 168149K [0x0000000083400000, 0x000000008d880000, 0x00000000d6700000)
  object space 168448K, 99% used [0x0000000083400000,0x000000008d835408,0x000000008d880000)
 Metaspace       used 81362K, capacity 84500K, committed 85080K, reserved 1124352K
  class space    used 9772K, capacity 10437K, committed 10584K, reserved 1048576K
GC Heap History (10 events):
Event: 26904.665 GC heap after
Heap after GC invocations=16 (full 3):
 PSYoungGen      total 637440K, used 18706K [0x00000000d6700000, 0x00000000fff00000, 0x0000000100000000)
  eden space 593920K, 0% used [0x00000000d6700000,0x00000000d6700000,0x00000000fab00000)
  from space 43520K, 42% used [0x00000000fab00000,0x00000000fbd44be8,0x00000000fd580000)
  to   space 41472K, 0% used [0x00000000fd680000,0x00000000fd680000,0x00000000fff00000)
 ParOldGen       total 112640K, used 46847K [0x0000000083400000, 0x000000008a200000, 0x00000000d6700000)
  object space 112640K, 41% used [0x0000000083400000,0x00000000861bff78,0x000000008a200000)
 Metaspace       used 73394K, capacity 75678K, committed 75864K, reserved 1116160K
  class space    used 9031K, capacity 9453K, committed 9560K, reserved 1048576K
}
Event: 26970.265 GC heap before
{Heap before GC invocations=17 (full 3):
 PSYoungGen      total 637440K, used 612626K [0x00000000d6700000, 0x00000000fff00000, 0x0000000100000000)
  eden space 593920K, 100% used [0x00000000d6700000,0x00000000fab00000,0x00000000fab00000)
  from space 43520K, 42% used [0x00000000fab00000,0x00000000fbd44be8,0x00000000fd580000)
  to   space 41472K, 0% used [0x00000000fd680000,0x00000000fd680000,0x00000000fff00000)
 ParOldGen       total 112640K, used 46847K [0x0000000083400000, 0x000000008a200000, 0x00000000d6700000)
  object space 112640K, 41% used [0x0000000083400000,0x00000000861bff78,0x000000008a200000)
 Metaspace       used 74131K, capacity 76582K, committed 76632K, reserved 1116160K
  class space    used 9080K, capacity 9529K, committed 9560K, reserved 1048576K
Event: 26970.311 GC heap after
Heap after GC invocations=17 (full 3):
 PSYoungGen      total 632320K, used 16926K [0x00000000d6700000, 0x00000000ffa00000, 0x0000000100000000)
  eden space 595968K, 0% used [0x00000000d6700000,0x00000000d6700000,0x00000000fad00000)
  from space 36352K, 46% used [0x00000000fd680000,0x00000000fe707880,0x00000000ffa00000)
  to   space 39424K, 0% used [0x00000000fad00000,0x00000000fad00000,0x00000000fd380000)
 ParOldGen       total 112640K, used 61999K [0x0000000083400000, 0x000000008a200000, 0x00000000d6700000)
  object space 112640K, 55% used [0x0000000083400000,0x000000008708be00,0x000000008a200000)
 Metaspace       used 74131K, capacity 76582K, committed 76632K, reserved 1116160K
  class space    used 9080K, capacity 9529K, committed 9560K, reserved 1048576K
}
Event: 26972.239 GC heap before
{Heap before GC invocations=18 (full 3):
 PSYoungGen      total 632320K, used 612894K [0x00000000d6700000, 0x00000000ffa00000, 0x0000000100000000)
  eden space 595968K, 100% used [0x00000000d6700000,0x00000000fad00000,0x00000000fad00000)
  from space 36352K, 46% used [0x00000000fd680000,0x00000000fe707880,0x00000000ffa00000)
  to   space 39424K, 0% used [0x00000000fad00000,0x00000000fad00000,0x00000000fd380000)
 ParOldGen       total 112640K, used 61999K [0x0000000083400000, 0x000000008a200000, 0x00000000d6700000)
  object space 112640K, 55% used [0x0000000083400000,0x000000008708be00,0x000000008a200000)
 Metaspace       used 74298K, capacity 76792K, committed 76888K, reserved 1116160K
  class space    used 9087K, capacity 9542K, committed 9560K, reserved 1048576K
Event: 26972.289 GC heap after
Heap after GC invocations=18 (full 3):
 PSYoungGen      total 635392K, used 31048K [0x00000000d6700000, 0x0000000100000000, 0x0000000100000000)
  eden space 595968K, 0% used [0x00000000d6700000,0x00000000d6700000,0x00000000fad00000)
  from space 39424K, 78% used [0x00000000fad00000,0x00000000fcb52360,0x00000000fd380000)
  to   space 41984K, 0% used [0x00000000fd700000,0x00000000fd700000,0x0000000100000000)
 ParOldGen       total 112640K, used 62007K [0x0000000083400000, 0x000000008a200000, 0x00000000d6700000)
  object space 112640K, 55% used [0x0000000083400000,0x000000008708de00,0x000000008a200000)
 Metaspace       used 74298K, capacity 76792K, committed 76888K, reserved 1116160K
  class space    used 9087K, capacity 9542K, committed 9560K, reserved 1048576K
}
Event: 27895.621 GC heap before
{Heap before GC invocations=19 (full 3):
 PSYoungGen      total 635392K, used 627016K [0x00000000d6700000, 0x0000000100000000, 0x0000000100000000)
  eden space 595968K, 100% used [0x00000000d6700000,0x00000000fad00000,0x00000000fad00000)
  from space 39424K, 78% used [0x00000000fad00000,0x00000000fcb52360,0x00000000fd380000)
  to   space 41984K, 0% used [0x00000000fd700000,0x00000000fd700000,0x0000000100000000)
 ParOldGen       total 112640K, used 62007K [0x0000000083400000, 0x000000008a200000, 0x00000000d6700000)
  object space 112640K, 55% used [0x0000000083400000,0x000000008708de00,0x000000008a200000)
 Metaspace       used 80284K, capacity 83524K, committed 83672K, reserved 1122304K
  class space    used 9777K, capacity 10446K, committed 10456K, reserved 1048576K
Event: 27895.681 GC heap after
Heap after GC invocations=19 (full 3):
 PSYoungGen      total 614400K, used 41965K [0x00000000d6700000, 0x0000000100000000, 0x0000000100000000)
  eden space 572416K, 0% used [0x00000000d6700000,0x00000000d6700000,0x00000000f9600000)
  from space 41984K, 99% used [0x00000000fd700000,0x00000000ffffb680,0x0000000100000000)
  to   space 54272K, 0% used [0x00000000f9600000,0x00000000f9600000,0x00000000fcb00000)
 ParOldGen       total 112640K, used 79238K [0x0000000083400000, 0x000000008a200000, 0x00000000d6700000)
  object space 112640K, 70% used [0x0000000083400000,0x0000000088161830,0x000000008a200000)
 Metaspace       used 80284K, capacity 83524K, committed 83672K, reserved 1122304K
  class space    used 9777K, capacity 10446K, committed 10456K, reserved 1048576K
}
Event: 28340.550 GC heap before
{Heap before GC invocations=20 (full 3):
 PSYoungGen      total 614400K, used 614381K [0x00000000d6700000, 0x0000000100000000, 0x0000000100000000)
  eden space 572416K, 100% used [0x00000000d6700000,0x00000000f9600000,0x00000000f9600000)
  from space 41984K, 99% used [0x00000000fd700000,0x00000000ffffb680,0x0000000100000000)
  to   space 54272K, 0% used [0x00000000f9600000,0x00000000f9600000,0x00000000fcb00000)
 ParOldGen       total 112640K, used 79238K [0x0000000083400000, 0x000000008a200000, 0x00000000d6700000)
  object space 112640K, 70% used [0x0000000083400000,0x0000000088161830,0x000000008a200000)
 Metaspace       used 81625K, capacity 85016K, committed 85080K, reserved 1124352K
  class space    used 9820K, capacity 10536K, committed 10584K, reserved 1048576K
Event: 28340.695 GC heap after
Heap after GC invocations=20 (full 3):
 PSYoungGen      total 626688K, used 54268K [0x00000000d6700000, 0x0000000100000000, 0x0000000100000000)
  eden space 572416K, 0% used [0x00000000d6700000,0x00000000d6700000,0x00000000f9600000)
  from space 54272K, 99% used [0x00000000f9600000,0x00000000fcaff380,0x00000000fcb00000)
  to   space 54272K, 0% used [0x00000000fcb00000,0x00000000fcb00000,0x0000000100000000)
 ParOldGen       total 168448K, used 168010K [0x0000000083400000, 0x000000008d880000, 0x00000000d6700000)
  object space 168448K, 99% used [0x0000000083400000,0x000000008d812b48,0x000000008d880000)
 Metaspace       used 81625K, capacity 85016K, committed 85080K, reserved 1124352K
  class space    used 9820K, capacity 10536K, committed 10584K, reserved 1048576K
}
Event: 28340.695 GC heap before
{Heap before GC invocations=21 (full 4):
 PSYoungGen      total 626688K, used 54268K [0x00000000d6700000, 0x0000000100000000, 0x0000000100000000)
  eden space 572416K, 0% used [0x00000000d6700000,0x00000000d6700000,0x00000000f9600000)
  from space 54272K, 99% used [0x00000000f9600000,0x00000000fcaff380,0x00000000fcb00000)
  to   space 54272K, 0% used [0x00000000fcb00000,0x00000000fcb00000,0x0000000100000000)
 ParOldGen       total 168448K, used 168010K [0x0000000083400000, 0x000000008d880000, 0x00000000d6700000)
  object space 168448K, 99% used [0x0000000083400000,0x000000008d812b48,0x000000008d880000)
 Metaspace       used 81625K, capacity 85016K, committed 85080K, reserved 1124352K
  class space    used 9820K, capacity 10536K, committed 10584K, reserved 1048576K

